<?xml version="1.0" encoding="UTF-8"?>
<testsuite name="gin.SourceFileTest" tests="7" skipped="0" failures="0" errors="0" timestamp="2024-06-09T02:12:57" hostname="ZuxingMac.local" time="0.073">
  <properties/>
  <testcase name="getStatementCount" classname="gin.SourceFileTest" time="0.011"/>
  <testcase name="statementList" classname="gin.SourceFileTest" time="0.018"/>
  <testcase name="getSource" classname="gin.SourceFileTest" time="0.007"/>
  <testcase name="getNumberOfBlocks" classname="gin.SourceFileTest" time="0.005"/>
  <testcase name="getFilename" classname="gin.SourceFileTest" time="0.008"/>
  <testcase name="getCompilationUnit" classname="gin.SourceFileTest" time="0.015"/>
  <testcase name="getNumberOfInsertionPointsInBlock" classname="gin.SourceFileTest" time="0.006"/>
  <system-out><![CDATA[]]></system-out>
  <system-err><![CDATA[]]></system-err>
</testsuite>
