<?xml version="1.0" encoding="UTF-8"?>
<testsuite name="gin.LocalSearchTest" tests="2" skipped="0" failures="0" errors="0" timestamp="2024-06-09T02:12:57" hostname="ZuxingMac.local" time="0.025">
  <properties/>
  <testcase name="neighbour" classname="gin.LocalSearchTest" time="0.013"/>
  <testcase name="localSearch" classname="gin.LocalSearchTest" time="0.012"/>
  <system-out><![CDATA[]]></system-out>
  <system-err><![CDATA[]]></system-err>
</testsuite>
