<?xml version="1.0" encoding="UTF-8"?>
<testsuite name="gin.TestRunnerTest" tests="4" skipped="0" failures="0" errors="0" timestamp="2024-06-09T02:12:56" hostname="ZuxingMac.local" time="0.978">
  <properties/>
  <testcase name="copySource" classname="gin.TestRunnerTest" time="0.27"/>
  <testcase name="ensureDirectory" classname="gin.TestRunnerTest" time="0.01"/>
  <testcase name="compile" classname="gin.TestRunnerTest" time="0.685"/>
  <testcase name="testRunner" classname="gin.TestRunnerTest" time="0.011"/>
  <system-out><![CDATA[]]></system-out>
  <system-err><![CDATA[]]></system-err>
</testsuite>
