<?xml version="1.0" encoding="UTF-8"?>
<testsuite name="gin.TestRunnerTest" tests="4" skipped="0" failures="0" errors="0" timestamp="2024-06-08T06:50:09" hostname="ZuxingMac.local" time="0.867">
  <properties/>
  <testcase name="copySource" classname="gin.TestRunnerTest" time="0.234"/>
  <testcase name="ensureDirectory" classname="gin.TestRunnerTest" time="0.009"/>
  <testcase name="compile" classname="gin.TestRunnerTest" time="0.614"/>
  <testcase name="testRunner" classname="gin.TestRunnerTest" time="0.009"/>
  <system-out><![CDATA[]]></system-out>
  <system-err><![CDATA[]]></system-err>
</testsuite>
