<?xml version="1.0" encoding="UTF-8"?>
<testsuite name="gin.LocalSearchTest" tests="2" skipped="0" failures="0" errors="0" timestamp="2024-06-04T04:37:32" hostname="ZuxingMac.local" time="0.031">
  <properties/>
  <testcase name="neighbour" classname="gin.LocalSearchTest" time="0.018"/>
  <testcase name="localSearch" classname="gin.LocalSearchTest" time="0.012"/>
  <system-out><![CDATA[]]></system-out>
  <system-err><![CDATA[]]></system-err>
</testsuite>
