<?xml version="1.0" encoding="UTF-8"?>
<testsuite name="gin.TestRunnerTest" tests="4" skipped="0" failures="0" errors="0" timestamp="2024-06-04T01:51:53" hostname="ZuxingMac.local" time="0.559">
  <properties/>
  <testcase name="copySource" classname="gin.TestRunnerTest" time="0.181"/>
  <testcase name="ensureDirectory" classname="gin.TestRunnerTest" time="0.005"/>
  <testcase name="compile" classname="gin.TestRunnerTest" time="0.366"/>
  <testcase name="testRunner" classname="gin.TestRunnerTest" time="0.007"/>
  <system-out><![CDATA[]]></system-out>
  <system-err><![CDATA[]]></system-err>
</testsuite>
