<?xml version="1.0" encoding="UTF-8"?>
<testsuite name="gin.TestRunnerTest" tests="4" skipped="0" failures="0" errors="0" timestamp="2024-06-08T05:51:56" hostname="ZuxingMac.local" time="0.763">
  <properties/>
  <testcase name="copySource" classname="gin.TestRunnerTest" time="0.233"/>
  <testcase name="ensureDirectory" classname="gin.TestRunnerTest" time="0.008"/>
  <testcase name="compile" classname="gin.TestRunnerTest" time="0.511"/>
  <testcase name="testRunner" classname="gin.TestRunnerTest" time="0.01"/>
  <system-out><![CDATA[]]></system-out>
  <system-err><![CDATA[]]></system-err>
</testsuite>
