<?xml version="1.0" encoding="UTF-8"?>
<testsuite name="gin.LocalSearchTest" tests="2" skipped="0" failures="0" errors="0" timestamp="2024-06-08T06:50:10" hostname="ZuxingMac.local" time="0.036">
  <properties/>
  <testcase name="neighbour" classname="gin.LocalSearchTest" time="0.017"/>
  <testcase name="localSearch" classname="gin.LocalSearchTest" time="0.018"/>
  <system-out><![CDATA[]]></system-out>
  <system-err><![CDATA[]]></system-err>
</testsuite>
